::1 - - [26/Jan/2020:16:34:10 +0000] "GET /users HTTP/1.1" 200 56 "-" "PostmanRuntime/7.6.0"
::1 - - [26/Jan/2020:16:34:44 +0000] "GET /users/2 HTTP/1.1" 200 62 "-" "PostmanRuntime/7.6.0"
::1 - - [26/Jan/2020:16:34:49 +0000] "POST /users HTTP/1.1" 200 75 "-" "PostmanRuntime/7.6.0"
::1 - - [26/Jan/2020:16:34:53 +0000] "GET /books HTTP/1.1" 200 56 "-" "PostmanRuntime/7.6.0"
::1 - - [26/Jan/2020:16:34:56 +0000] "GET /books/2 HTTP/1.1" 200 62 "-" "PostmanRuntime/7.6.0"
::1 - - [26/Jan/2020:16:34:59 +0000] "POST /books HTTP/1.1" 200 76 "-" "PostmanRuntime/7.6.0"
::1 - - [26/Jan/2020:16:35:02 +0000] "POST /users/2/borrow/4 HTTP/1.1" 404 156 "-" "PostmanRuntime/7.6.0"
::1 - - [26/Jan/2020:16:35:09 +0000] "POST /users/2/return/5 HTTP/1.1" 200 80 "-" "PostmanRuntime/7.6.0"
::1 - - [26/Jan/2020:16:37:12 +0000] "POST /users/2/return/5 HTTP/1.1" 200 77 "-" "PostmanRuntime/7.6.0"
::1 - - [26/Jan/2020:16:37:16 +0000] "POST /users/2/borrow/4 HTTP/1.1" 404 156 "-" "PostmanRuntime/7.6.0"
::1 - - [26/Jan/2020:16:37:46 +0000] "POST /users/2/borrow/4 HTTP/1.1" 200 77 "-" "PostmanRuntime/7.6.0"
::1 - - [26/Jan/2020:23:47:01 +0000] "POST /users/2/borrow/4 HTTP/1.1" 200 77 "-" "PostmanRuntime/7.6.0"
::1 - - [27/Jan/2020:00:00:58 +0000] "GET /books HTTP/1.1" 200 56 "-" "PostmanRuntime/7.6.0"
::1 - - [27/Jan/2020:00:01:08 +0000] "POST /books HTTP/1.1" 201 58 "-" "PostmanRuntime/7.6.0"
::1 - - [27/Jan/2020:00:01:21 +0000] "GET /books HTTP/1.1" 200 119 "-" "PostmanRuntime/7.6.0"
::1 - - [27/Jan/2020:00:08:59 +0000] "GET /books HTTP/1.1" - - "-" "PostmanRuntime/7.6.0"
::1 - - [27/Jan/2020:00:09:37 +0000] "GET /books HTTP/1.1" 500 128 "-" "PostmanRuntime/7.6.0"
::1 - - [27/Jan/2020:00:11:52 +0000] "GET /books HTTP/1.1" 500 128 "-" "PostmanRuntime/7.6.0"
::1 - - [27/Jan/2020:00:11:58 +0000] "GET /books HTTP/1.1" 500 128 "-" "PostmanRuntime/7.6.0"
::1 - - [27/Jan/2020:00:12:40 +0000] "GET /books HTTP/1.1" 500 128 "-" "PostmanRuntime/7.6.0"
::1 - - [27/Jan/2020:00:14:26 +0000] "GET /books HTTP/1.1" 500 128 "-" "PostmanRuntime/7.6.0"
::1 - - [27/Jan/2020:00:14:55 +0000] "GET /books HTTP/1.1" 500 128 "-" "PostmanRuntime/7.6.0"
::1 - - [27/Jan/2020:00:22:29 +0000] "GET /books HTTP/1.1" 200 119 "-" "PostmanRuntime/7.6.0"
::1 - - [27/Jan/2020:00:26:59 +0000] "POST /books HTTP/1.1" 500 69 "-" "PostmanRuntime/7.6.0"
::1 - - [27/Jan/2020:00:27:13 +0000] "GET /books HTTP/1.1" 200 119 "-" "PostmanRuntime/7.6.0"
::1 - - [27/Jan/2020:00:27:48 +0000] "POST /books HTTP/1.1" 400 71 "-" "PostmanRuntime/7.6.0"
::1 - - [27/Jan/2020:00:28:05 +0000] "POST /books HTTP/1.1" 400 84 "-" "PostmanRuntime/7.6.0"
::1 - - [27/Jan/2020:00:28:11 +0000] "POST /books HTTP/1.1" 500 69 "-" "PostmanRuntime/7.6.0"
::1 - - [27/Jan/2020:00:28:30 +0000] "POST /books HTTP/1.1" 500 69 "-" "PostmanRuntime/7.6.0"
::1 - - [27/Jan/2020:00:29:46 +0000] "POST /books HTTP/1.1" 400 84 "-" "PostmanRuntime/7.6.0"
::1 - - [27/Jan/2020:00:29:49 +0000] "POST /books HTTP/1.1" 201 120 "-" "PostmanRuntime/7.6.0"
::1 - - [27/Jan/2020:00:31:15 +0000] "GET /books/5e2e2efded76136f4aa59ad8 HTTP/1.1" 500 308 "-" "PostmanRuntime/7.6.0"
::1 - - [27/Jan/2020:00:31:41 +0000] "GET /books/5e2e2efded76136f4aa59ad8 HTTP/1.1" 500 308 "-" "PostmanRuntime/7.6.0"
::1 - - [27/Jan/2020:00:32:32 +0000] "GET /books HTTP/1.1" 200 317 "-" "PostmanRuntime/7.6.0"
::1 - - [27/Jan/2020:00:33:48 +0000] "GET /books/5e2e2efded76136f4aa59ad8 HTTP/1.1" 200 120 "-" "PostmanRuntime/7.6.0"
::1 - - [27/Jan/2020:00:45:47 +0000] "GET /books/5e2e2efded7613 HTTP/1.1" 500 349 "-" "PostmanRuntime/7.6.0"
::1 - - [27/Jan/2020:01:03:27 +0000] "GET /books/5e2e2efded7613 HTTP/1.1" 500 349 "-" "PostmanRuntime/7.6.0"
::1 - - [27/Jan/2020:01:03:30 +0000] "POST /books HTTP/1.1" 400 84 "-" "PostmanRuntime/7.6.0"
::1 - - [27/Jan/2020:01:03:35 +0000] "POST /books HTTP/1.1" 201 122 "-" "PostmanRuntime/7.6.0"
::1 - - [27/Jan/2020:01:03:40 +0000] "GET /books HTTP/1.1" 200 386 "-" "PostmanRuntime/7.6.0"
::1 - - [27/Jan/2020:01:07:24 +0000] "GET /booaaks HTTP/1.1" 404 146 "-" "PostmanRuntime/7.6.0"
::1 - - [27/Jan/2020:01:07:48 +0000] "GET /booaaks HTTP/1.1" 404 9 "-" "PostmanRuntime/7.6.0"
::1 - - [27/Jan/2020:01:43:56 +0000] "GET /booaaks HTTP/1.1" 404 9 "-" "PostmanRuntime/7.6.0"
::1 - - [27/Jan/2020:01:44:04 +0000] "GET /books/5e2e2efded7613 HTTP/1.1" 500 349 "-" "PostmanRuntime/7.6.0"
::1 - - [27/Jan/2020:01:45:05 +0000] "GET /books/5e2e2efded7613 HTTP/1.1" 500 349 "-" "PostmanRuntime/7.6.0"
::1 - - [27/Jan/2020:01:51:58 +0000] "GET /books/5e2e2efded7613 HTTP/1.1" 500 349 "-" "PostmanRuntime/7.6.0"
::1 - - [27/Jan/2020:01:54:45 +0000] "GET /books/5e2e2efded7613 HTTP/1.1" 500 128 "-" "PostmanRuntime/7.6.0"
::1 - - [27/Jan/2020:01:55:38 +0000] "GET /books/5e2e2efded7613 HTTP/1.1" 500 128 "-" "PostmanRuntime/7.6.0"
::1 - - [27/Jan/2020:01:56:10 +0000] "GET /books/5e2e2efded7613 HTTP/1.1" 500 128 "-" "PostmanRuntime/7.6.0"
::1 - - [27/Jan/2020:01:56:15 +0000] "GET /books/5e2e2efded7613 HTTP/1.1" 500 128 "-" "PostmanRuntime/7.6.0"
::1 - - [27/Jan/2020:01:57:26 +0000] "GET /books/5e2e2efded7613 HTTP/1.1" 500 128 "-" "PostmanRuntime/7.6.0"
::1 - - [27/Jan/2020:01:58:36 +0000] "GET /books/5e2e2efded7613 HTTP/1.1" 500 349 "-" "PostmanRuntime/7.6.0"
::1 - - [27/Jan/2020:01:58:49 +0000] "GET /books/5e2e2efded7613 HTTP/1.1" 404 58 "-" "PostmanRuntime/7.6.0"
::1 - - [27/Jan/2020:01:59:08 +0000] "GET /books HTTP/1.1" 200 571 "-" "PostmanRuntime/7.6.0"
::1 - - [27/Jan/2020:01:59:13 +0000] "GET /books/5e2e2844db71936cf456914c HTTP/1.1" 404 58 "-" "PostmanRuntime/7.6.0"
::1 - - [27/Jan/2020:01:59:21 +0000] "GET /books/5e2e2844db71936cf456914c HTTP/1.1" 200 154 "-" "PostmanRuntime/7.6.0"
::1 - - [27/Jan/2020:02:01:28 +0000] "GET /books/5e2e2844db71936cf456914c HTTP/1.1" 200 154 "-" "PostmanRuntime/7.6.0"
::1 - - [27/Jan/2020:02:01:31 +0000] "GET /books/5e2e2844db71936cf45691 HTTP/1.1" 400 58 "-" "PostmanRuntime/7.6.0"
::1 - - [27/Jan/2020:02:01:46 +0000] "GET /books/5e2e2844db71936cf45691 HTTP/1.1" 400 68 "-" "PostmanRuntime/7.6.0"
::1 - - [27/Jan/2020:02:03:15 +0000] "GET /users HTTP/1.1" 200 56 "-" "PostmanRuntime/7.6.0"
::1 - - [27/Jan/2020:02:03:19 +0000] "POST /users HTTP/1.1" 201 153 "-" "PostmanRuntime/7.6.0"
::1 - - [27/Jan/2020:02:03:27 +0000] "GET /users HTTP/1.1" 200 155 "-" "PostmanRuntime/7.6.0"
::1 - - [27/Jan/2020:02:03:33 +0000] "GET /users/5e2e44e731cdaf72afd18ab8 HTTP/1.1" 500 128 "-" "PostmanRuntime/7.6.0"
::1 - - [27/Jan/2020:02:04:46 +0000] "GET /users/5e2e44e731cdaf72afd18ab8 HTTP/1.1" 500 126 "-" "PostmanRuntime/7.6.0"
::1 - - [27/Jan/2020:02:04:47 +0000] "GET /users/5e2e44e731cdaf72afd18ab8 HTTP/1.1" 500 126 "-" "PostmanRuntime/7.6.0"
::1 - - [27/Jan/2020:02:05:09 +0000] "GET /users/5e2e44e731cdaf72afd18ab8 HTTP/1.1" 500 128 "-" "PostmanRuntime/7.6.0"
::1 - - [27/Jan/2020:02:05:25 +0000] "GET /users/5e2e44e731cdaf72afd18ab8 HTTP/1.1" 200 153 "-" "PostmanRuntime/7.6.0"
::1 - - [27/Jan/2020:02:05:30 +0000] "GET /users/5e2e44e731cdaf72afd18ab HTTP/1.1" 400 72 "-" "PostmanRuntime/7.6.0"
::1 - - [27/Jan/2020:02:20:11 +0000] "GET /users/5e2e44e731cdaf72afd18ab HTTP/1.1" 400 72 "-" "PostmanRuntime/7.6.0"
::1 - - [27/Jan/2020:02:20:14 +0000] "GET /users/5e2e44e731cdaf72afd18ab8 HTTP/1.1" 200 153 "-" "PostmanRuntime/7.6.0"
::1 - - [27/Jan/2020:02:20:18 +0000] "GET /books/5e2e2844db71936cf45691 HTTP/1.1" 400 68 "-" "PostmanRuntime/7.6.0"
::1 - - [27/Jan/2020:02:20:21 +0000] "GET /books/5e2e2844db71936cf456914c HTTP/1.1" 200 154 "-" "PostmanRuntime/7.6.0"
::1 - - [27/Jan/2020:02:20:28 +0000] "GET /books HTTP/1.1" 200 571 "-" "PostmanRuntime/7.6.0"
::1 - - [27/Jan/2020:02:20:42 +0000] "GET /books HTTP/1.1" 200 571 "-" "PostmanRuntime/7.6.0"
::1 - - [27/Jan/2020:02:20:51 +0000] "GET /books HTTP/1.1" 200 571 "-" "PostmanRuntime/7.6.0"
::1 - - [27/Jan/2020:02:21:47 +0000] "GET /books HTTP/1.1" 200 677 "-" "PostmanRuntime/7.6.0"
::1 - - [27/Jan/2020:02:22:47 +0000] "GET /books HTTP/1.1" 200 691 "-" "PostmanRuntime/7.6.0"
::1 - - [27/Jan/2020:02:25:02 +0000] "GET /books HTTP/1.1" 200 526 "-" "PostmanRuntime/7.6.0"
::1 - - [27/Jan/2020:02:25:44 +0000] "GET /books HTTP/1.1" 200 691 "-" "PostmanRuntime/7.6.0"
::1 - - [27/Jan/2020:02:28:15 +0000] "GET /books HTTP/1.1" 200 526 "-" "PostmanRuntime/7.6.0"
::1 - - [27/Jan/2020:02:28:19 +0000] "GET /users/5e2e44e731cdaf72afd18ab8 HTTP/1.1" 200 144 "-" "PostmanRuntime/7.6.0"
::1 - - [27/Jan/2020:14:53:03 +0000] "GET /users HTTP/1.1" 200 56 "-" "PostmanRuntime/7.6.0"
::1 - - [27/Jan/2020:14:53:08 +0000] "POST /users HTTP/1.1" 500 128 "-" "PostmanRuntime/7.6.0"
::1 - - [27/Jan/2020:14:53:56 +0000] "POST /users HTTP/1.1" 500 128 "-" "PostmanRuntime/7.6.0"
::1 - - [27/Jan/2020:15:00:25 +0000] "POST /users HTTP/1.1" 201 144 "-" "PostmanRuntime/7.6.0"
::1 - - [27/Jan/2020:15:00:34 +0000] "POST /users HTTP/1.1" 500 128 "-" "PostmanRuntime/7.6.0"
::1 - - [27/Jan/2020:15:01:01 +0000] "POST /users HTTP/1.1" 500 452 "-" "PostmanRuntime/7.6.0"
::1 - - [27/Jan/2020:15:02:28 +0000] "POST /users HTTP/1.1" 500 452 "-" "PostmanRuntime/7.6.0"
::1 - - [27/Jan/2020:15:06:12 +0000] "POST /users HTTP/1.1" 400 84 "-" "PostmanRuntime/7.6.0"
::1 - - [27/Jan/2020:15:06:58 +0000] "POST /users HTTP/1.1" 400 84 "-" "PostmanRuntime/7.6.0"
::1 - - [27/Jan/2020:15:09:03 +0000] "POST /users HTTP/1.1" 500 474 "-" "PostmanRuntime/7.6.0"
::1 - - [27/Jan/2020:15:11:12 +0000] "POST /users HTTP/1.1" 500 128 "-" "PostmanRuntime/7.6.0"
::1 - - [27/Jan/2020:15:12:02 +0000] "POST /users HTTP/1.1" 500 143 "-" "PostmanRuntime/7.6.0"
::1 - - [27/Jan/2020:15:13:08 +0000] "POST /users HTTP/1.1" 500 148 "-" "PostmanRuntime/7.6.0"
::1 - - [27/Jan/2020:15:14:27 +0000] "POST /users HTTP/1.1" 400 84 "-" "PostmanRuntime/7.6.0"
::1 - - [27/Jan/2020:15:15:27 +0000] "POST /users HTTP/1.1" 500 167 "-" "PostmanRuntime/7.6.0"
::1 - - [27/Jan/2020:15:22:18 +0000] "POST /users HTTP/1.1" 400 84 "-" "PostmanRuntime/7.6.0"
::1 - - [27/Jan/2020:15:22:23 +0000] "GET /users HTTP/1.1" 200 146 "-" "PostmanRuntime/7.6.0"
::1 - - [27/Jan/2020:15:22:38 +0000] "GET /users HTTP/1.1" 200 146 "-" "PostmanRuntime/7.6.0"
::1 - - [27/Jan/2020:15:22:50 +0000] "POST /books HTTP/1.1" 201 145 "-" "PostmanRuntime/7.6.0"
::1 - - [27/Jan/2020:15:23:02 +0000] "GET /users/5e2efb099a7ab485b86f3579 HTTP/1.1" 200 144 "-" "PostmanRuntime/7.6.0"
::1 - - [27/Jan/2020:15:23:20 +0000] "GET /books HTTP/1.1" 200 147 "-" "PostmanRuntime/7.6.0"
::1 - - [27/Jan/2020:15:23:54 +0000] "POST /users/5e2efb099a7ab485b86f3579/borrow/5e2f004ad191f68641864f53 HTTP/1.1" 500 134 "-" "PostmanRuntime/7.6.0"
::1 - - [27/Jan/2020:15:24:53 +0000] "POST /users/5e2efb099a7ab485b86f3579/borrow/5e2f004ad191f68641864f53 HTTP/1.1" 500 134 "-" "PostmanRuntime/7.6.0"
::1 - - [27/Jan/2020:15:26:09 +0000] "POST /users/5e2efb099a7ab485b86f3579/borrow/5e2f004ad191f68641864f53 HTTP/1.1" 500 134 "-" "PostmanRuntime/7.6.0"
::1 - - [27/Jan/2020:15:26:31 +0000] "POST /users/5e2efb099a7ab485b86f3579/borrow/5e2f004ad191f68641864f53 HTTP/1.1" 500 134 "-" "PostmanRuntime/7.6.0"
::1 - - [27/Jan/2020:15:27:04 +0000] "POST /users/5e2efb099a7ab485b86f3579/borrow/5e2f004ad191f68641864f53 HTTP/1.1" 500 134 "-" "PostmanRuntime/7.6.0"
::1 - - [27/Jan/2020:15:28:03 +0000] "POST /users/5e2efb099a7ab485b86f3579/borrow/5e2f004ad191f68641864f53 HTTP/1.1" 500 134 "-" "PostmanRuntime/7.6.0"
::1 - - [27/Jan/2020:15:29:02 +0000] "POST /users/5e2efb099a7ab485b86f3579/borrow/5e2f004ad191f68641864f53 HTTP/1.1" 500 288 "-" "PostmanRuntime/7.6.0"
::1 - - [27/Jan/2020:15:29:34 +0000] "POST /users/5e2efb099a7ab485b86f3579/borrow/5e2f004ad191f68641864f53 HTTP/1.1" 500 288 "-" "PostmanRuntime/7.6.0"
::1 - - [27/Jan/2020:15:29:55 +0000] "POST /users/5e2efb099a7ab485b86f3579/borrow/5e2f004ad191f68641864f53 HTTP/1.1" 500 288 "-" "PostmanRuntime/7.6.0"
::1 - - [27/Jan/2020:15:30:50 +0000] "POST /users/5e2efb099a7ab485b86f3579/borrow/5e2f004ad191f68641864f53 HTTP/1.1" 500 288 "-" "PostmanRuntime/7.6.0"
::1 - - [27/Jan/2020:15:33:18 +0000] "POST /users/5e2efb099a7ab485b86f3579/borrow/5e2f004ad191f68641864f53 HTTP/1.1" 500 178 "-" "PostmanRuntime/7.6.0"
::1 - - [27/Jan/2020:15:36:33 +0000] "POST /users/5e2efb099a7ab485b86f3579/borrow/5e2f004ad191f68641864f53 HTTP/1.1" 500 178 "-" "PostmanRuntime/7.6.0"
::1 - - [27/Jan/2020:15:39:36 +0000] "POST /users/5e2efb099a7ab485b86f3579/borrow/5e2f004ad191f68641864f53 HTTP/1.1" 200 217 "-" "PostmanRuntime/7.6.0"
::1 - - [27/Jan/2020:15:40:13 +0000] "POST /users/5e2efb099a7ab485b86f3579/return/5e2f004ad191f68641864f53 HTTP/1.1" 400 98 "-" "PostmanRuntime/7.6.0"
::1 - - [27/Jan/2020:15:40:57 +0000] "POST /users/5e2efb099a7ab485b86f3579/return/5e2f004ad191f68641864f00 HTTP/1.1" 400 70 "-" "PostmanRuntime/7.6.0"
::1 - - [27/Jan/2020:15:41:00 +0000] "POST /users/5e2efb099a7ab485b86f3579/return/5e2f004ad191f68641864f53 HTTP/1.1" 200 217 "-" "PostmanRuntime/7.6.0"
::1 - - [27/Jan/2020:15:41:30 +0000] "POST /users/5e2efb099a7ab485b86f3579/return/5e2f004ad191f68641864f53 HTTP/1.1" 400 98 "-" "PostmanRuntime/7.6.0"
::1 - - [27/Jan/2020:15:42:05 +0000] "POST /users/5e2efb099a7ab485b86f3579/return/5e2f004ad191f68641864f53 HTTP/1.1" 400 111 "-" "PostmanRuntime/7.6.0"
::1 - - [27/Jan/2020:15:48:23 +0000] "GET /users/5e2efb099a7ab485b86f3579 HTTP/1.1" 200 144 "-" "PostmanRuntime/7.6.0"
::1 - - [27/Jan/2020:15:49:17 +0000] "GET /users/5e2efb099a7ab485b86f3579 HTTP/1.1" 500 182 "-" "PostmanRuntime/7.6.0"
::1 - - [27/Jan/2020:15:50:14 +0000] "GET /users/5e2efb099a7ab485b86f3579 HTTP/1.1" 500 182 "-" "PostmanRuntime/7.6.0"
::1 - - [27/Jan/2020:15:52:32 +0000] "GET /users/5e2efb099a7ab485b86f3579 HTTP/1.1" 200 325 "-" "PostmanRuntime/7.6.0"
::1 - - [27/Jan/2020:15:53:41 +0000] "GET /users/5e2efb099a7ab485b86f3579 HTTP/1.1" 200 325 "-" "PostmanRuntime/7.6.0"
::1 - - [27/Jan/2020:15:53:50 +0000] "GET /users/5e2efb099a7ab485b86f3579 HTTP/1.1" 200 314 "-" "PostmanRuntime/7.6.0"
::1 - - [27/Jan/2020:15:54:28 +0000] "GET /users/5e2efb099a7ab485b86f3579 HTTP/1.1" 200 278 "-" "PostmanRuntime/7.6.0"
::1 - - [27/Jan/2020:16:03:56 +0000] "GET /users/5e2efb099a7ab485b86f3579 HTTP/1.1" 200 292 "-" "PostmanRuntime/7.6.0"
::1 - - [27/Jan/2020:16:04:03 +0000] "POST /users/5e2efb099a7ab485b86f3579/borrow/5e2f004ad191f68641864f53 HTTP/1.1" 200 58 "-" "PostmanRuntime/7.6.0"
::1 - - [27/Jan/2020:16:04:07 +0000] "GET /users/5e2efb099a7ab485b86f3579 HTTP/1.1" 200 525 "-" "PostmanRuntime/7.6.0"
::1 - - [27/Jan/2020:16:04:44 +0000] "POST /users/5e2efb099a7ab485b86f3579/return/5e2f004ad191f68641864f53 HTTP/1.1" 200 58 "-" "PostmanRuntime/7.6.0"
::1 - - [27/Jan/2020:16:04:47 +0000] "POST /users/5e2efb099a7ab485b86f3579/borrow/5e2f004ad191f68641864f53 HTTP/1.1" 500 176 "-" "PostmanRuntime/7.6.0"
::1 - - [27/Jan/2020:16:04:53 +0000] "POST /users/5e2efb099a7ab485b86f3579/borrow/5e2f004ad191f68641864f53 HTTP/1.1" 500 176 "-" "PostmanRuntime/7.6.0"
::1 - - [27/Jan/2020:16:05:03 +0000] "POST /users/5e2efb099a7ab485b86f3579/borrow/5e2f004ad191f68641864f53 HTTP/1.1" 200 58 "-" "PostmanRuntime/7.6.0"
::1 - - [27/Jan/2020:16:05:06 +0000] "GET /users/5e2efb099a7ab485b86f3579 HTTP/1.1" 200 648 "-" "PostmanRuntime/7.6.0"
::1 - - [27/Jan/2020:16:11:45 +0000] "GET /books/5e2f004ad191f68641864f53 HTTP/1.1" 200 145 "-" "PostmanRuntime/7.6.0"
::1 - - [27/Jan/2020:16:12:29 +0000] "GET /books/5e2f004ad191f68641864f53 HTTP/1.1" 200 145 "-" "PostmanRuntime/7.6.0"
::1 - - [27/Jan/2020:16:12:56 +0000] "GET /books/5e2f004ad191f68641864f53 HTTP/1.1" 200 145 "-" "PostmanRuntime/7.6.0"
::1 - - [27/Jan/2020:16:14:01 +0000] "GET /books/5e2f004ad191f68641864f53 HTTP/1.1" 200 145 "-" "PostmanRuntime/7.6.0"
::1 - - [27/Jan/2020:16:15:10 +0000] "GET /books/5e2f004ad191f68641864f53 HTTP/1.1" 200 145 "-" "PostmanRuntime/7.6.0"
::1 - - [27/Jan/2020:16:15:55 +0000] "GET /books/5e2f004ad191f68641864f53 HTTP/1.1" 200 757 "-" "PostmanRuntime/7.6.0"
::1 - - [27/Jan/2020:16:17:57 +0000] "GET /books/5e2f004ad191f68641864f53 HTTP/1.1" 200 167 "-" "PostmanRuntime/7.6.0"
::1 - - [27/Jan/2020:16:18:33 +0000] "GET /books/5e2f004ad191f68641864f53 HTTP/1.1" 500 145 "-" "PostmanRuntime/7.6.0"
::1 - - [27/Jan/2020:16:18:42 +0000] "GET /books/5e2f004ad191f68641864f53 HTTP/1.1" 500 144 "-" "PostmanRuntime/7.6.0"
::1 - - [27/Jan/2020:16:21:03 +0000] "GET /books/5e2f004ad191f68641864f53 HTTP/1.1" 200 167 "-" "PostmanRuntime/7.6.0"
::1 - - [27/Jan/2020:16:21:45 +0000] "GET /books/5e2f004ad191f68641864f53 HTTP/1.1" 200 158 "-" "PostmanRuntime/7.6.0"
::1 - - [27/Jan/2020:16:22:34 +0000] "GET /books/5e2f004ad191f68641864f53 HTTP/1.1" 500 147 "-" "PostmanRuntime/7.6.0"
::1 - - [27/Jan/2020:16:22:44 +0000] "GET /books/5e2f004ad191f68641864f53 HTTP/1.1" 500 150 "-" "PostmanRuntime/7.6.0"
::1 - - [27/Jan/2020:16:22:58 +0000] "GET /books/5e2f004ad191f68641864f53 HTTP/1.1" 200 158 "-" "PostmanRuntime/7.6.0"
::1 - - [27/Jan/2020:16:23:33 +0000] "GET /books/5e2f004ad191f68641864f53 HTTP/1.1" 500 158 "-" "PostmanRuntime/7.6.0"
::1 - - [27/Jan/2020:16:23:43 +0000] "GET /books/5e2f004ad191f68641864f53 HTTP/1.1" 500 150 "-" "PostmanRuntime/7.6.0"
::1 - - [27/Jan/2020:16:23:54 +0000] "GET /books/5e2f004ad191f68641864f53 HTTP/1.1" 200 158 "-" "PostmanRuntime/7.6.0"
::1 - - [27/Jan/2020:16:24:09 +0000] "GET /books/5e2f004ad191f68641864f53 HTTP/1.1" 200 204 "-" "PostmanRuntime/7.6.0"
::1 - - [27/Jan/2020:16:24:29 +0000] "GET /books/5e2f004ad191f68641864f53 HTTP/1.1" 200 202 "-" "PostmanRuntime/7.6.0"
::1 - - [27/Jan/2020:16:24:49 +0000] "GET /books/5e2f004ad191f68641864f53 HTTP/1.1" 200 169 "-" "PostmanRuntime/7.6.0"
::1 - - [27/Jan/2020:16:25:09 +0000] "GET /books/5e2f004ad191f68641864f53 HTTP/1.1" 200 174 "-" "PostmanRuntime/7.6.0"
